2025-03-13 02:39:34,802:INFO:All CSV files read successfully
2025-03-13 02:39:34,806:INFO:Datasets are merged into singel file loaded successfully.
2025-03-13 02:39:35,892:INFO:Data with duplicates removed saved as 'Staging/OUT/telecom_customer_cleaned_dataset_20250313023934.csv'.
2025-03-13 02:39:36,007:INFO:Missing values in numerical columns handled using median imputation.
2025-03-13 02:39:36,291:INFO:Missing values in categorical columns handled using mode imputation.
2025-03-13 02:39:36,932:INFO:Imputed data saved as 'handling_numerical_data.csv' and 'handling_categorical_data.csv'.
2025-03-13 02:39:36,932:INFO:Imputation completed successfully.
2025-03-13 02:39:36,940:INFO:Numerical attributes standardized using StandardScaler.
2025-03-13 02:39:37,845:INFO:Scaled data saved as 'scaled_data.csv'.
2025-03-13 02:39:37,845:INFO:Standardization completed successfully.
2025-03-13 02:39:38,218:INFO:Categorical variables one-hot encoded.
2025-03-13 02:39:38,847:INFO:Outlier detection completed: {'age': {'z_score_outliers': 0, 'iqr_outliers': 0}, 'numberofdependents': {'z_score_outliers': 286, 'iqr_outliers': 17897}, 'zipcode': {'z_score_outliers': 0, 'iqr_outliers': 0}, 'latitude': {'z_score_outliers': 0, 'iqr_outliers': 0}, 'longitude': {'z_score_outliers': 0, 'iqr_outliers': 0}, 'population': {'z_score_outliers': 627, 'iqr_outliers': 627}, 'numberofreferrals': {'z_score_outliers': 22, 'iqr_outliers': 7436}, 'avgmonthlylongdistancecharges': {'z_score_outliers': 0, 'iqr_outliers': 0}, 'avgmonthlygbdownload': {'z_score_outliers': 1001, 'iqr_outliers': 3982}, 'monthlycharge': {'z_score_outliers': 0, 'iqr_outliers': 0}, 'satisfactionscore': {'z_score_outliers': 0, 'iqr_outliers': 10142}, 'churnscore': {'z_score_outliers': 0, 'iqr_outliers': 0}, 'cltv': {'z_score_outliers': 0, 'iqr_outliers': 0}}
2025-03-13 02:39:40,437:INFO:Histogram for age saved at DataPreparation/Visualizations/Histograms/age_histogram.png
2025-03-13 02:39:40,495:INFO:Histogram for numberofdependents saved at DataPreparation/Visualizations/Histograms/numberofdependents_histogram.png
2025-03-13 02:39:40,554:INFO:Histogram for zipcode saved at DataPreparation/Visualizations/Histograms/zipcode_histogram.png
2025-03-13 02:39:40,611:INFO:Histogram for latitude saved at DataPreparation/Visualizations/Histograms/latitude_histogram.png
2025-03-13 02:39:40,664:INFO:Histogram for longitude saved at DataPreparation/Visualizations/Histograms/longitude_histogram.png
2025-03-13 02:39:40,717:INFO:Histogram for population saved at DataPreparation/Visualizations/Histograms/population_histogram.png
2025-03-13 02:39:40,770:INFO:Histogram for numberofreferrals saved at DataPreparation/Visualizations/Histograms/numberofreferrals_histogram.png
2025-03-13 02:39:40,822:INFO:Histogram for avgmonthlylongdistancecharges saved at DataPreparation/Visualizations/Histograms/avgmonthlylongdistancecharges_histogram.png
2025-03-13 02:39:40,876:INFO:Histogram for avgmonthlygbdownload saved at DataPreparation/Visualizations/Histograms/avgmonthlygbdownload_histogram.png
2025-03-13 02:39:40,934:INFO:Histogram for monthlycharge saved at DataPreparation/Visualizations/Histograms/monthlycharge_histogram.png
2025-03-13 02:39:40,992:INFO:Histogram for satisfactionscore saved at DataPreparation/Visualizations/Histograms/satisfactionscore_histogram.png
2025-03-13 02:39:41,045:INFO:Histogram for churnscore saved at DataPreparation/Visualizations/Histograms/churnscore_histogram.png
2025-03-13 02:39:41,102:INFO:Histogram for cltv saved at DataPreparation/Visualizations/Histograms/cltv_histogram.png
2025-03-13 02:39:41,192:INFO:Box plot for age saved at DataPreparation/Visualizations/Boxplots/age_boxplot.png
2025-03-13 02:39:41,289:INFO:Box plot for numberofdependents saved at DataPreparation/Visualizations/Boxplots/numberofdependents_boxplot.png
2025-03-13 02:39:41,377:INFO:Box plot for zipcode saved at DataPreparation/Visualizations/Boxplots/zipcode_boxplot.png
2025-03-13 02:39:41,467:INFO:Box plot for latitude saved at DataPreparation/Visualizations/Boxplots/latitude_boxplot.png
2025-03-13 02:39:41,557:INFO:Box plot for longitude saved at DataPreparation/Visualizations/Boxplots/longitude_boxplot.png
2025-03-13 02:39:41,646:INFO:Box plot for population saved at DataPreparation/Visualizations/Boxplots/population_boxplot.png
2025-03-13 02:39:41,737:INFO:Box plot for numberofreferrals saved at DataPreparation/Visualizations/Boxplots/numberofreferrals_boxplot.png
2025-03-13 02:39:41,832:INFO:Box plot for avgmonthlylongdistancecharges saved at DataPreparation/Visualizations/Boxplots/avgmonthlylongdistancecharges_boxplot.png
2025-03-13 02:39:41,923:INFO:Box plot for avgmonthlygbdownload saved at DataPreparation/Visualizations/Boxplots/avgmonthlygbdownload_boxplot.png
2025-03-13 02:39:42,012:INFO:Box plot for monthlycharge saved at DataPreparation/Visualizations/Boxplots/monthlycharge_boxplot.png
2025-03-13 02:39:42,105:INFO:Box plot for satisfactionscore saved at DataPreparation/Visualizations/Boxplots/satisfactionscore_boxplot.png
2025-03-13 02:39:42,189:INFO:Box plot for churnscore saved at DataPreparation/Visualizations/Boxplots/churnscore_boxplot.png
2025-03-13 02:39:42,274:INFO:Box plot for cltv saved at DataPreparation/Visualizations/Boxplots/cltv_boxplot.png
2025-03-13 02:39:42,275:INFO:Data preprocessing, outlier detection, and EDA completed successfully.
