2025-03-13 05:56:00,491:INFO:All CSV files read successfully
2025-03-13 05:56:00,497:INFO:Datasets are merged into singel file loaded successfully.
2025-03-13 05:56:01,369:INFO:Data with duplicates removed saved as 'Staging/OUT/telecom_customer_cleaned_dataset_20250313055600.csv'.
2025-03-13 05:56:01,494:INFO:Missing values in numerical columns handled using median imputation.
2025-03-13 05:56:01,842:INFO:Missing values in categorical columns handled using mode imputation.
2025-03-13 05:56:02,599:INFO:Imputed data saved as 'handling_numerical_data.csv' and 'handling_categorical_data.csv'.
2025-03-13 05:56:02,599:INFO:Imputation completed successfully.
2025-03-13 05:56:02,608:INFO:Numerical attributes standardized using StandardScaler.
2025-03-13 05:56:03,684:INFO:Scaled data saved as 'scaled_data.csv'.
2025-03-13 05:56:03,684:INFO:Standardization completed successfully.
2025-03-13 05:56:04,137:INFO:Categorical variables one-hot encoded.
2025-03-13 05:56:04,952:INFO:Outlier detection completed: {'age': {'z_score_outliers': 0, 'iqr_outliers': 0}, 'numberofdependents': {'z_score_outliers': 338, 'iqr_outliers': 21151}, 'zipcode': {'z_score_outliers': 0, 'iqr_outliers': 0}, 'latitude': {'z_score_outliers': 0, 'iqr_outliers': 0}, 'longitude': {'z_score_outliers': 0, 'iqr_outliers': 0}, 'population': {'z_score_outliers': 741, 'iqr_outliers': 741}, 'numberofreferrals': {'z_score_outliers': 26, 'iqr_outliers': 8788}, 'avgmonthlylongdistancecharges': {'z_score_outliers': 0, 'iqr_outliers': 0}, 'avgmonthlygbdownload': {'z_score_outliers': 1183, 'iqr_outliers': 4706}, 'monthlycharge': {'z_score_outliers': 0, 'iqr_outliers': 0}, 'satisfactionscore': {'z_score_outliers': 0, 'iqr_outliers': 11986}, 'churnscore': {'z_score_outliers': 0, 'iqr_outliers': 0}, 'cltv': {'z_score_outliers': 0, 'iqr_outliers': 0}}
2025-03-13 05:56:05,655:INFO:Histogram for age saved at DataPreparation/Visualizations/Histograms/age_histogram.png
2025-03-13 05:56:05,715:INFO:Histogram for numberofdependents saved at DataPreparation/Visualizations/Histograms/numberofdependents_histogram.png
2025-03-13 05:56:05,769:INFO:Histogram for zipcode saved at DataPreparation/Visualizations/Histograms/zipcode_histogram.png
2025-03-13 05:56:05,823:INFO:Histogram for latitude saved at DataPreparation/Visualizations/Histograms/latitude_histogram.png
2025-03-13 05:56:05,878:INFO:Histogram for longitude saved at DataPreparation/Visualizations/Histograms/longitude_histogram.png
2025-03-13 05:56:05,932:INFO:Histogram for population saved at DataPreparation/Visualizations/Histograms/population_histogram.png
2025-03-13 05:56:05,986:INFO:Histogram for numberofreferrals saved at DataPreparation/Visualizations/Histograms/numberofreferrals_histogram.png
2025-03-13 05:56:06,044:INFO:Histogram for avgmonthlylongdistancecharges saved at DataPreparation/Visualizations/Histograms/avgmonthlylongdistancecharges_histogram.png
2025-03-13 05:56:06,098:INFO:Histogram for avgmonthlygbdownload saved at DataPreparation/Visualizations/Histograms/avgmonthlygbdownload_histogram.png
2025-03-13 05:56:06,150:INFO:Histogram for monthlycharge saved at DataPreparation/Visualizations/Histograms/monthlycharge_histogram.png
2025-03-13 05:56:06,203:INFO:Histogram for satisfactionscore saved at DataPreparation/Visualizations/Histograms/satisfactionscore_histogram.png
2025-03-13 05:56:06,261:INFO:Histogram for churnscore saved at DataPreparation/Visualizations/Histograms/churnscore_histogram.png
2025-03-13 05:56:06,314:INFO:Histogram for cltv saved at DataPreparation/Visualizations/Histograms/cltv_histogram.png
2025-03-13 05:56:06,362:INFO:Box plot for age saved at DataPreparation/Visualizations/Boxplots/age_boxplot.png
2025-03-13 05:56:06,408:INFO:Box plot for numberofdependents saved at DataPreparation/Visualizations/Boxplots/numberofdependents_boxplot.png
2025-03-13 05:56:06,456:INFO:Box plot for zipcode saved at DataPreparation/Visualizations/Boxplots/zipcode_boxplot.png
2025-03-13 05:56:06,500:INFO:Box plot for latitude saved at DataPreparation/Visualizations/Boxplots/latitude_boxplot.png
2025-03-13 05:56:06,545:INFO:Box plot for longitude saved at DataPreparation/Visualizations/Boxplots/longitude_boxplot.png
2025-03-13 05:56:06,591:INFO:Box plot for population saved at DataPreparation/Visualizations/Boxplots/population_boxplot.png
2025-03-13 05:56:06,639:INFO:Box plot for numberofreferrals saved at DataPreparation/Visualizations/Boxplots/numberofreferrals_boxplot.png
2025-03-13 05:56:06,687:INFO:Box plot for avgmonthlylongdistancecharges saved at DataPreparation/Visualizations/Boxplots/avgmonthlylongdistancecharges_boxplot.png
2025-03-13 05:56:06,737:INFO:Box plot for avgmonthlygbdownload saved at DataPreparation/Visualizations/Boxplots/avgmonthlygbdownload_boxplot.png
2025-03-13 05:56:06,842:INFO:Box plot for monthlycharge saved at DataPreparation/Visualizations/Boxplots/monthlycharge_boxplot.png
2025-03-13 05:56:06,890:INFO:Box plot for satisfactionscore saved at DataPreparation/Visualizations/Boxplots/satisfactionscore_boxplot.png
2025-03-13 05:56:06,933:INFO:Box plot for churnscore saved at DataPreparation/Visualizations/Boxplots/churnscore_boxplot.png
2025-03-13 05:56:06,976:INFO:Box plot for cltv saved at DataPreparation/Visualizations/Boxplots/cltv_boxplot.png
2025-03-13 05:56:06,976:INFO:Data preprocessing, outlier detection, and EDA completed successfully.
