2025-03-04 23:36:22,713:INFO:All CSV files read successfully
2025-03-04 23:36:22,715:INFO:Datasets are merged into singel file loaded successfully.
2025-03-04 23:36:23,250:INFO:Data with duplicates removed saved as 'Staging/OUT/telecom_customer_cleaned_dataset_20250304233622.csv'.
2025-03-04 23:36:23,307:INFO:Missing values in numerical columns handled using median imputation.
2025-03-04 23:36:23,467:INFO:Missing values in categorical columns handled using mode imputation.
2025-03-04 23:36:23,812:INFO:Imputed data saved as 'handling_numerical_data.csv' and 'handling_categorical_data.csv'.
2025-03-04 23:36:23,812:INFO:Imputation completed successfully.
2025-03-04 23:36:23,816:INFO:Numerical attributes standardized using StandardScaler.
2025-03-04 23:36:24,306:INFO:Scaled data saved as 'scaled_data.csv'.
2025-03-04 23:36:24,306:INFO:Standardization completed successfully.
2025-03-04 23:36:24,497:INFO:Categorical variables one-hot encoded.
2025-03-04 23:36:24,759:INFO:Outlier detection completed: {'age': {'z_score_outliers': 0, 'iqr_outliers': 0}, 'numberofdependents': {'z_score_outliers': 156, 'iqr_outliers': 9762}, 'zipcode': {'z_score_outliers': 0, 'iqr_outliers': 0}, 'latitude': {'z_score_outliers': 0, 'iqr_outliers': 0}, 'longitude': {'z_score_outliers': 0, 'iqr_outliers': 0}, 'population': {'z_score_outliers': 342, 'iqr_outliers': 342}, 'numberofreferrals': {'z_score_outliers': 12, 'iqr_outliers': 4056}, 'avgmonthlylongdistancecharges': {'z_score_outliers': 0, 'iqr_outliers': 0}, 'avgmonthlygbdownload': {'z_score_outliers': 546, 'iqr_outliers': 2172}, 'monthlycharge': {'z_score_outliers': 0, 'iqr_outliers': 0}, 'satisfactionscore': {'z_score_outliers': 0, 'iqr_outliers': 5532}, 'churnscore': {'z_score_outliers': 0, 'iqr_outliers': 0}, 'cltv': {'z_score_outliers': 0, 'iqr_outliers': 0}}
2025-03-04 23:36:25,412:INFO:Histogram for age saved at DataPreparation/Visualizations/Histograms/age_histogram.png
2025-03-04 23:36:25,468:INFO:Histogram for numberofdependents saved at DataPreparation/Visualizations/Histograms/numberofdependents_histogram.png
2025-03-04 23:36:25,522:INFO:Histogram for zipcode saved at DataPreparation/Visualizations/Histograms/zipcode_histogram.png
2025-03-04 23:36:25,574:INFO:Histogram for latitude saved at DataPreparation/Visualizations/Histograms/latitude_histogram.png
2025-03-04 23:36:25,630:INFO:Histogram for longitude saved at DataPreparation/Visualizations/Histograms/longitude_histogram.png
2025-03-04 23:36:25,686:INFO:Histogram for population saved at DataPreparation/Visualizations/Histograms/population_histogram.png
2025-03-04 23:36:25,742:INFO:Histogram for numberofreferrals saved at DataPreparation/Visualizations/Histograms/numberofreferrals_histogram.png
2025-03-04 23:36:25,800:INFO:Histogram for avgmonthlylongdistancecharges saved at DataPreparation/Visualizations/Histograms/avgmonthlylongdistancecharges_histogram.png
2025-03-04 23:36:25,854:INFO:Histogram for avgmonthlygbdownload saved at DataPreparation/Visualizations/Histograms/avgmonthlygbdownload_histogram.png
2025-03-04 23:36:25,905:INFO:Histogram for monthlycharge saved at DataPreparation/Visualizations/Histograms/monthlycharge_histogram.png
2025-03-04 23:36:26,011:INFO:Histogram for satisfactionscore saved at DataPreparation/Visualizations/Histograms/satisfactionscore_histogram.png
2025-03-04 23:36:26,065:INFO:Histogram for churnscore saved at DataPreparation/Visualizations/Histograms/churnscore_histogram.png
2025-03-04 23:36:26,118:INFO:Histogram for cltv saved at DataPreparation/Visualizations/Histograms/cltv_histogram.png
2025-03-04 23:36:26,176:INFO:Box plot for age saved at DataPreparation/Visualizations/Boxplots/age_boxplot.png
2025-03-04 23:36:26,230:INFO:Box plot for numberofdependents saved at DataPreparation/Visualizations/Boxplots/numberofdependents_boxplot.png
2025-03-04 23:36:26,283:INFO:Box plot for zipcode saved at DataPreparation/Visualizations/Boxplots/zipcode_boxplot.png
2025-03-04 23:36:26,334:INFO:Box plot for latitude saved at DataPreparation/Visualizations/Boxplots/latitude_boxplot.png
2025-03-04 23:36:26,388:INFO:Box plot for longitude saved at DataPreparation/Visualizations/Boxplots/longitude_boxplot.png
2025-03-04 23:36:26,439:INFO:Box plot for population saved at DataPreparation/Visualizations/Boxplots/population_boxplot.png
2025-03-04 23:36:26,495:INFO:Box plot for numberofreferrals saved at DataPreparation/Visualizations/Boxplots/numberofreferrals_boxplot.png
2025-03-04 23:36:26,550:INFO:Box plot for avgmonthlylongdistancecharges saved at DataPreparation/Visualizations/Boxplots/avgmonthlylongdistancecharges_boxplot.png
2025-03-04 23:36:26,603:INFO:Box plot for avgmonthlygbdownload saved at DataPreparation/Visualizations/Boxplots/avgmonthlygbdownload_boxplot.png
2025-03-04 23:36:26,655:INFO:Box plot for monthlycharge saved at DataPreparation/Visualizations/Boxplots/monthlycharge_boxplot.png
2025-03-04 23:36:26,710:INFO:Box plot for satisfactionscore saved at DataPreparation/Visualizations/Boxplots/satisfactionscore_boxplot.png
2025-03-04 23:36:26,762:INFO:Box plot for churnscore saved at DataPreparation/Visualizations/Boxplots/churnscore_boxplot.png
2025-03-04 23:36:26,812:INFO:Box plot for cltv saved at DataPreparation/Visualizations/Boxplots/cltv_boxplot.png
2025-03-04 23:36:26,812:INFO:Data preprocessing, outlier detection, and EDA completed successfully.
