2025-03-13 06:01:19,799:INFO:Dataset loaded with 21129 rows and 15 columns
2025-03-13 06:01:19,800:INFO:Target column 'churn' found in the dataset
2025-03-13 06:01:19,803:INFO:Train-test split: 16903 train rows, 4226 test rows
2025-03-13 06:01:20,063:INFO:
 LogisticRegression Performance:
2025-03-13 06:01:20,064:INFO:  Accuracy : 1.0000
2025-03-13 06:01:20,064:INFO:  Precision: 1.0000
2025-03-13 06:01:20,064:INFO:  Recall   : 1.0000
2025-03-13 06:01:20,064:INFO:  F1 Score : 1.0000
2025-03-13 06:01:21,135:INFO:
 RandomForest Performance:
2025-03-13 06:01:21,135:INFO:  Accuracy : 1.0000
2025-03-13 06:01:21,135:INFO:  Precision: 1.0000
2025-03-13 06:01:21,135:INFO:  Recall   : 1.0000
2025-03-13 06:01:21,135:INFO:  F1 Score : 1.0000
2025-03-13 06:01:21,135:INFO:Best model selected: LogisticRegression
2025-03-13 06:01:21,137:INFO:Best model performance: {'model': Pipeline(steps=[('preprocessor',
                 ColumnTransformer(remainder='passthrough',
                                   transformers=[('cat',
                                                  OneHotEncoder(handle_unknown='ignore'),
                                                  ['churnreason',
                                                   'event_timestamp', 'gender',
                                                   'customerid'])])),
                ('classifier', LogisticRegression(max_iter=1000))]), 'accuracy': 1.0, 'precision': 1.0, 'recall': 1.0, 'f1_score': 1.0}
2025-03-13 06:01:21,137:INFO:Saving best model as: Model/churn_model_LogisticRegression_20250313_060121.joblib
2025-03-13 06:01:21,138:INFO:
 Best model (LogisticRegression) saved as: Model/churn_model_LogisticRegression_20250313_060121.joblib
2025-03-13 06:01:21,138:INFO:Model training completed
