2025-03-11 00:59:16,427:INFO:Dataset loaded with 28172 rows and 15 columns
2025-03-11 00:59:16,431:INFO:Target column 'churn' found in the dataset
2025-03-11 00:59:16,435:INFO:Train-test split: 22537 train rows, 5635 test rows
2025-03-11 00:59:17,165:INFO:
📊 LogisticRegression Performance:
2025-03-11 00:59:17,165:INFO:  Accuracy : 1.0000
2025-03-11 00:59:17,165:INFO:  Precision: 1.0000
2025-03-11 00:59:17,165:INFO:  Recall   : 1.0000
2025-03-11 00:59:17,165:INFO:  F1 Score : 1.0000
2025-03-11 00:59:19,786:INFO:
📊 RandomForest Performance:
2025-03-11 00:59:19,786:INFO:  Accuracy : 1.0000
2025-03-11 00:59:19,786:INFO:  Precision: 1.0000
2025-03-11 00:59:19,786:INFO:  Recall   : 1.0000
2025-03-11 00:59:19,786:INFO:  F1 Score : 1.0000
2025-03-11 00:59:19,786:INFO:Best model selected: LogisticRegression
2025-03-11 00:59:19,789:INFO:Best model performance: {'model': Pipeline(steps=[('preprocessor',
                 ColumnTransformer(remainder='passthrough',
                                   transformers=[('cat',
                                                  OneHotEncoder(handle_unknown='ignore'),
                                                  ['churnreason',
                                                   'event_timestamp', 'gender',
                                                   'customerid'])])),
                ('classifier', LogisticRegression(max_iter=1000))]), 'accuracy': 1.0, 'precision': 1.0, 'recall': 1.0, 'f1_score': 1.0}
2025-03-11 00:59:19,789:INFO:Saving best model as: Model/churn_model_LogisticRegression_20250311_005919.joblib
2025-03-11 00:59:19,792:INFO:
✅ Best model (LogisticRegression) saved as: Model/churn_model_LogisticRegression_20250311_005919.joblib
2025-03-11 00:59:19,792:INFO:Model training completed
