2025-03-13 03:08:01,161:INFO:Dataset loaded with 246505 rows and 15 columns
2025-03-13 03:08:01,169:INFO:Target column 'churn' found in the dataset
2025-03-13 03:08:01,201:INFO:Train-test split: 197204 train rows, 49301 test rows
2025-03-13 03:08:04,858:INFO:
📊 LogisticRegression Performance:
2025-03-13 03:08:04,858:INFO:  Accuracy : 1.0000
2025-03-13 03:08:04,858:INFO:  Precision: 1.0000
2025-03-13 03:08:04,858:INFO:  Recall   : 1.0000
2025-03-13 03:08:04,858:INFO:  F1 Score : 1.0000
2025-03-13 03:08:21,553:INFO:
📊 RandomForest Performance:
2025-03-13 03:08:21,554:INFO:  Accuracy : 1.0000
2025-03-13 03:08:21,554:INFO:  Precision: 1.0000
2025-03-13 03:08:21,554:INFO:  Recall   : 1.0000
2025-03-13 03:08:21,554:INFO:  F1 Score : 1.0000
2025-03-13 03:08:21,554:INFO:Best model selected: LogisticRegression
2025-03-13 03:08:21,557:INFO:Best model performance: {'model': Pipeline(steps=[('preprocessor',
                 ColumnTransformer(remainder='passthrough',
                                   transformers=[('cat',
                                                  OneHotEncoder(handle_unknown='ignore'),
                                                  ['churnreason',
                                                   'event_timestamp', 'gender',
                                                   'customerid'])])),
                ('classifier', LogisticRegression(max_iter=1000))]), 'accuracy': 1.0, 'precision': 1.0, 'recall': 1.0, 'f1_score': 1.0}
2025-03-13 03:08:21,557:INFO:Saving best model as: Model/churn_model_LogisticRegression_20250313_030821.joblib
2025-03-13 03:08:21,563:INFO:
✅ Best model (LogisticRegression) saved as: Model/churn_model_LogisticRegression_20250313_030821.joblib
2025-03-13 03:08:21,563:INFO:Model training completed
