2025-03-13 06:07:19,632:INFO:Dataset loaded with 91559 rows and 15 columns
2025-03-13 06:07:19,635:INFO:Target column 'churn' found in the dataset
2025-03-13 06:07:19,646:INFO:Train-test split: 73247 train rows, 18312 test rows
2025-03-13 06:07:20,566:INFO:
 LogisticRegression Performance:
2025-03-13 06:07:20,566:INFO:  Accuracy : 1.0000
2025-03-13 06:07:20,566:INFO:  Precision: 1.0000
2025-03-13 06:07:20,566:INFO:  Recall   : 1.0000
2025-03-13 06:07:20,566:INFO:  F1 Score : 1.0000
2025-03-13 06:07:24,755:INFO:
 RandomForest Performance:
2025-03-13 06:07:24,755:INFO:  Accuracy : 1.0000
2025-03-13 06:07:24,755:INFO:  Precision: 1.0000
2025-03-13 06:07:24,755:INFO:  Recall   : 1.0000
2025-03-13 06:07:24,755:INFO:  F1 Score : 1.0000
2025-03-13 06:07:24,755:INFO:Best model selected: LogisticRegression
2025-03-13 06:07:24,757:INFO:Best model performance: {'model': Pipeline(steps=[('preprocessor',
                 ColumnTransformer(remainder='passthrough',
                                   transformers=[('cat',
                                                  OneHotEncoder(handle_unknown='ignore'),
                                                  ['churnreason',
                                                   'event_timestamp', 'gender',
                                                   'customerid'])])),
                ('classifier', LogisticRegression(max_iter=1000))]), 'accuracy': 1.0, 'precision': 1.0, 'recall': 1.0, 'f1_score': 1.0}
2025-03-13 06:07:24,757:INFO:Saving best model as: Model/churn_model_LogisticRegression_20250313_060724.joblib
2025-03-13 06:07:24,759:INFO:
 Best model (LogisticRegression) saved as: Model/churn_model_LogisticRegression_20250313_060724.joblib
2025-03-13 06:07:24,759:INFO:Model training completed
