2025-03-11 01:09:51,776:INFO:Dataset loaded with 28172 rows and 15 columns
2025-03-11 01:09:51,778:INFO:Target column 'churn' found in the dataset
2025-03-11 01:09:51,781:INFO:Train-test split: 22537 train rows, 5635 test rows
2025-03-11 01:09:52,515:INFO:
📊 LogisticRegression Performance:
2025-03-11 01:09:52,515:INFO:  Accuracy : 1.0000
2025-03-11 01:09:52,515:INFO:  Precision: 1.0000
2025-03-11 01:09:52,515:INFO:  Recall   : 1.0000
2025-03-11 01:09:52,515:INFO:  F1 Score : 1.0000
2025-03-11 01:09:54,989:INFO:
📊 RandomForest Performance:
2025-03-11 01:09:54,989:INFO:  Accuracy : 1.0000
2025-03-11 01:09:54,989:INFO:  Precision: 1.0000
2025-03-11 01:09:54,989:INFO:  Recall   : 1.0000
2025-03-11 01:09:54,990:INFO:  F1 Score : 1.0000
2025-03-11 01:09:54,990:INFO:Best model selected: LogisticRegression
2025-03-11 01:09:54,992:INFO:Best model performance: {'model': Pipeline(steps=[('preprocessor',
                 ColumnTransformer(remainder='passthrough',
                                   transformers=[('cat',
                                                  OneHotEncoder(handle_unknown='ignore'),
                                                  ['churnreason',
                                                   'event_timestamp', 'gender',
                                                   'customerid'])])),
                ('classifier', LogisticRegression(max_iter=1000))]), 'accuracy': 1.0, 'precision': 1.0, 'recall': 1.0, 'f1_score': 1.0}
2025-03-11 01:09:54,992:INFO:Saving best model as: Model/churn_model_LogisticRegression_20250311_010954.joblib
2025-03-11 01:09:54,995:INFO:
✅ Best model (LogisticRegression) saved as: Model/churn_model_LogisticRegression_20250311_010954.joblib
2025-03-11 01:09:54,995:INFO:Model training completed
